TN:
SF:/home/viktar/Projects/jsPairs/src/index.js
FN:1,(anonymous_0)
FN:2,(anonymous_1)
FN:7,(anonymous_2)
FN:9,(anonymous_3)
FN:16,(anonymous_4)
FN:18,(anonymous_5)
FN:21,(anonymous_6)
FN:23,(anonymous_7)
FN:26,(anonymous_8)
FN:28,(anonymous_9)
FNF:10
FNH:10
FNDA:2,(anonymous_0)
FNDA:4,(anonymous_1)
FNDA:8,(anonymous_2)
FNDA:5,(anonymous_3)
FNDA:2,(anonymous_4)
FNDA:2,(anonymous_5)
FNDA:2,(anonymous_6)
FNDA:2,(anonymous_7)
FNDA:1,(anonymous_8)
FNDA:3,(anonymous_9)
DA:1,1
DA:2,4
DA:3,2
DA:4,2
DA:7,8
DA:9,1
DA:10,5
DA:11,0
DA:12,0
DA:16,1
DA:17,2
DA:18,2
DA:21,1
DA:22,2
DA:23,2
DA:26,1
DA:27,1
DA:28,1
DA:29,3
DA:30,2
DA:32,1
DA:33,1
DA:34,1
DA:37,1
LF:24
LH:22
BRDA:7,0,0,8
BRDA:7,0,1,6
BRDA:10,1,0,0
BRDA:10,1,1,5
BRDA:11,2,0,0
BRDA:11,2,1,0
BRDA:29,3,0,2
BRDA:29,3,1,1
BRF:8
BRH:5
end_of_record
